<?xml version="1.0" encoding="UTF-8"?>
<!-- Generated by org.testng.reporters.JUnitReportReporter -->
<testsuite hostname="LAPTOP-668AA9S3" failures="0" tests="1" name="org.example.AppTest" time="0.006" errors="0" timestamp="2021-01-13T19:29:48 CET" skipped="0">
  <testcase classname="org.example.AppTest" name="shouldAnswerWithTrue" time="0.006"/>
  <system-out/>
</testsuite> <!-- org.example.AppTest -->
